<?xml version="1.0" encoding="UTF-8"?>
<testsuite xmlns:xsi="http://www.w3.org/2001/XMLSchema-instance" xsi:noNamespaceSchemaLocation="https://maven.apache.org/surefire/maven-surefire-plugin/xsd/surefire-test-report-3.0.xsd" version="3.0" name="runners.TestRunner" time="17.231" tests="1" errors="0" skipped="0" failures="1">
  <properties>
[...]
</properties>
  <testcase name="The user can successfully create new customer" classname="Create new customer and open new accounts" time="16.941">
    <failure message="expected: &lt;5&gt; but was: &lt;4&gt;" type="org.opentest4j.AssertionFailedError"><![CDATA[org.opentest4j.AssertionFailedError: expected: <5> but was: <4>
	at org.junit.jupiter.api.AssertionFailureBuilder.build(AssertionFailureBuilder.java:151)
	at org.junit.jupiter.api.AssertionFailureBuilder.buildAndThrow(AssertionFailureBuilder.java:132)
	at org.junit.jupiter.api.AssertEquals.failNotEqual(AssertEquals.java:197)
	at org.junit.jupiter.api.AssertEquals.assertEquals(AssertEquals.java:182)
	at org.junit.jupiter.api.AssertEquals.assertEquals(AssertEquals.java:177)
	at org.junit.jupiter.api.Assertions.assertEquals(Assertions.java:1142)
	at stepDefinition.CustomerTransactionsSteps.verifyAmount(CustomerTransactionsSteps.java:129)
	at ✽.The user checks if the first amount is the same as the one typed before "5"(file:///C:/Users/Radu.Craciun/IdeaProjects/Licenta_Banking_App/BankingApp/src/test/resources/features/IntegrationTest.feature:48)
]]></failure>
    <system-out><![CDATA[
Scenario Outline: The user can successfully create new customer                     # src/test/resources/features/IntegrationTest.feature:52
Driver in getDriver: EdgeDriver: MicrosoftEdge on windows (acb23ab327b8506ae1032187b6d4f534)
Driver in getDriver: EdgeDriver: MicrosoftEdge on windows (acb23ab327b8506ae1032187b6d4f534)
Driver in getDriver: EdgeDriver: MicrosoftEdge on windows (acb23ab327b8506ae1032187b6d4f534)
Driver in getDriver: EdgeDriver: MicrosoftEdge on windows (acb23ab327b8506ae1032187b6d4f534)
Driver in getDriver: EdgeDriver: MicrosoftEdge on windows (acb23ab327b8506ae1032187b6d4f534)
Driver in getDriver: EdgeDriver: MicrosoftEdge on windows (acb23ab327b8506ae1032187b6d4f534)
Driver in getDriver: EdgeDriver: MicrosoftEdge on windows (acb23ab327b8506ae1032187b6d4f534)
Driver in getDriver: EdgeDriver: MicrosoftEdge on windows (acb23ab327b8506ae1032187b6d4f534)
Driver in getDriver: EdgeDriver: MicrosoftEdge on windows (acb23ab327b8506ae1032187b6d4f534)
  Given The user accesses the main page                                             # stepDefinition.IntegrationTestSteps.goTo()
  When The user clicks on the 'Bank Manager Login' button                           # stepDefinition.IntegrationTestSteps.clickBankManagerLoginButton()
  And The user clicks on the 'Add Customer' button                                  # stepDefinition.IntegrationTestSteps.clickAddCustomerButton()
  And The user writes 'first name' "Cosmin"                                         # stepDefinition.IntegrationTestSteps.writeFirstName(java.lang.String)
  And The user writes 'last name' "Craciun"                                         # stepDefinition.IntegrationTestSteps.writeLastName(java.lang.String)
  And The user writes 'post code' "E452346"                                         # stepDefinition.IntegrationTestSteps.writePostCode(java.lang.String)
  And The user clicks on submit add customer button                                 # stepDefinition.IntegrationTestSteps.clickSubmitAddCustomerButton()
Driver in getDriver: EdgeDriver: MicrosoftEdge on windows (acb23ab327b8506ae1032187b6d4f534)
  And The user gets the alert banner and clicks ok                                  # stepDefinition.IntegrationTestSteps.clickOkAlert()
  And The user clicks on 'Open Account' button                                      # stepDefinition.IntegrationTestSteps.clickOpenAccount()
  And The user clicks on 'Customer Name' dropdown                                   # stepDefinition.IntegrationTestSteps.clickCustomerNameDropdown()
  And The user clicks on name                                                       # stepDefinition.IntegrationTestSteps.clickCustomerName()
  And The user clicks on 'Currency' dropdown                                        # stepDefinition.IntegrationTestSteps.clickCurrencyDropdown()
Driver in getDriver: EdgeDriver: MicrosoftEdge on windows (acb23ab327b8506ae1032187b6d4f534)
Driver in getDriver: EdgeDriver: MicrosoftEdge on windows (acb23ab327b8506ae1032187b6d4f534)
  And The user selects the currency "Dollar"                                        # stepDefinition.OpenAccountSteps.getselectCurrency(java.lang.String)
  And The user clicks on 'Process' button                                           # stepDefinition.IntegrationTestSteps.clickProcessButton()
Driver in getDriver: EdgeDriver: MicrosoftEdge on windows (acb23ab327b8506ae1032187b6d4f534)
  And The user clicks on the Ok button from the alert                               # stepDefinition.IntegrationTestSteps.clickOkAlertButton()
  And The user clicks on the 'Customers' button                                     # stepDefinition.IntegrationTestSteps.clickCustomerButton()
  And The user searches name "Cosmin"                                               # stepDefinition.IntegrationTestSteps.searchCustomerName(java.lang.String)
  Then The user checks if customer in list                                          # stepDefinition.IntegrationTestSteps.checkCustomerName()
  And The user clicks on 'Home' button                                              # stepDefinition.IntegrationTestSteps.clickHomeButton()
  And The user clicks on 'Customer Login' button                                    # stepDefinition.IntegrationTestSteps.clickCutomerLoginButton()
  And The user selects the username                                                 # stepDefinition.IntegrationTestSteps.selectUserName()
Driver in getDriver: EdgeDriver: MicrosoftEdge on windows (acb23ab327b8506ae1032187b6d4f534)
  And The user clicks the Login button                                              # stepDefinition.IntegrationTestSteps.clickLoginButton()
  Then The user gets the message Welcome <name>                                     # stepDefinition.IntegrationTestSteps.getWelcomeMessage()
Driver in getDriver: EdgeDriver: MicrosoftEdge on windows (acb23ab327b8506ae1032187b6d4f534)
Driver in getDriver: EdgeDriver: MicrosoftEdge on windows (acb23ab327b8506ae1032187b6d4f534)
  And The user checks their current balance                                         # stepDefinition.CustomerTransactionsSteps.checkCurrentBalance()
  And The user clicks on Deposit tab                                                # stepDefinition.CustomerTransactionsSteps.userClicksDepositTab()
  And The user enters the amount of money for deposit "15"                          # stepDefinition.CustomerTransactionsSteps.enterDepositAmount(java.lang.String)
  And The user clicks on Deposit button                                             # stepDefinition.CustomerTransactionsSteps.userClickDepositButton()
  Then The deposit success message is displayed                                     # stepDefinition.CustomerTransactionsSteps.verifyDepositSuccessMessage()
  And The user's balance after deposit is updated correctly                         # stepDefinition.CustomerTransactionsSteps.verifyUpdatedBalanceAfterDeposit()
  When The user clicks on the Transactions tab                                      # stepDefinition.CustomerTransactionsSteps.userClickTransactionsTab()
  And The user clicks on the Date-time sorting button                               # stepDefinition.CustomerTransactionsSteps.userClickDateTimeSortingButton()
  Then The user checks if the first amount is the same as the one typed before "15" # stepDefinition.CustomerTransactionsSteps.verifyAmount(java.lang.String)
  And The user checks if the Transaction type is correct "Credit"                   # stepDefinition.CustomerTransactionsSteps.verifyTransactionType(java.lang.String)
  When The user clicks on the 'Back' button                                         # stepDefinition.CustomerTransactionsSteps.userClicksBackButton()
  And The user checks their current balance                                         # stepDefinition.CustomerTransactionsSteps.checkCurrentBalance()
  When The user clicks on Withdraw tab                                              # stepDefinition.CustomerTransactionsSteps.userClicksWithdrawTab()
  And The user enters the amount of money for withdraw "4"                          # stepDefinition.CustomerTransactionsSteps.enterWithdrawAmount(java.lang.String)
  And The user clicks on Withdraw button                                            # stepDefinition.CustomerTransactionsSteps.userClickWithdrawButton()
  Then The withdraw success message is displayed                                    # stepDefinition.CustomerTransactionsSteps.verifyWithdrawSuccessMessage()
  And The user's balance after withdraw is updated correctly                        # stepDefinition.CustomerTransactionsSteps.verifyUpdatedBalanceAfterWithdraw()
  When The user clicks on the Transactions tab                                      # stepDefinition.CustomerTransactionsSteps.userClickTransactionsTab()
  And The user clicks on the Date-time sorting button                               # stepDefinition.CustomerTransactionsSteps.userClickDateTimeSortingButton()
  Then The user checks if the first amount is the same as the one typed before "5"  # stepDefinition.CustomerTransactionsSteps.verifyAmount(java.lang.String)
      org.opentest4j.AssertionFailedError: expected: <5> but was: <4>
	at org.junit.jupiter.api.AssertionFailureBuilder.build(AssertionFailureBuilder.java:151)
	at org.junit.jupiter.api.AssertionFailureBuilder.buildAndThrow(AssertionFailureBuilder.java:132)
	at org.junit.jupiter.api.AssertEquals.failNotEqual(AssertEquals.java:197)
	at org.junit.jupiter.api.AssertEquals.assertEquals(AssertEquals.java:182)
	at org.junit.jupiter.api.AssertEquals.assertEquals(AssertEquals.java:177)
	at org.junit.jupiter.api.Assertions.assertEquals(Assertions.java:1142)
	at stepDefinition.CustomerTransactionsSteps.verifyAmount(CustomerTransactionsSteps.java:129)
	at ✽.The user checks if the first amount is the same as the one typed before "5"(file:///C:/Users/Radu.Craciun/IdeaProjects/Licenta_Banking_App/BankingApp/src/test/resources/features/IntegrationTest.feature:48)

  And The user checks if the Transaction type is correct "Debit"                    # stepDefinition.CustomerTransactionsSteps.verifyTransactionType(java.lang.String)
]]></system-out>
    <system-err><![CDATA[SLF4J(W): No SLF4J providers were found.
SLF4J(W): Defaulting to no-operation (NOP) logger implementation
SLF4J(W): See https://www.slf4j.org/codes.html#noProviders for further details.
Jun 23, 2025 3:42:40 PM org.openqa.selenium.devtools.CdpVersionFinder findNearestMatch
WARNING: Unable to find an exact match for CDP version 137, returning the closest version; found: 133; Please update to a Selenium version that supports CDP version 137
]]></system-err>
  </testcase>
</testsuite>