<?xml version="1.0" encoding="UTF-8"?>
<testsuite xmlns:xsi="http://www.w3.org/2001/XMLSchema-instance" xsi:noNamespaceSchemaLocation="https://maven.apache.org/surefire/maven-surefire-plugin/xsd/surefire-test-report-3.0.xsd" version="3.0" name="runners.TestRunner" time="17.175" tests="2" errors="0" skipped="0" failures="0">
  <properties>
[...]
</properties>
  <testcase name="The user adds a new customer without filling First Name field" classname="Add a new customer" time="9.511">
    <system-out><![CDATA[
@test1
Scenario Outline: The user adds a new customer without filling First Name field         # src/test/resources/features/AddCustomer.feature:16
Driver in getDriver: EdgeDriver: MicrosoftEdge on windows (dcbb478543f4e5a4a7385dcd62e4ab28)
Driver in getDriver: EdgeDriver: MicrosoftEdge on windows (dcbb478543f4e5a4a7385dcd62e4ab28)
Driver in getDriver: EdgeDriver: MicrosoftEdge on windows (dcbb478543f4e5a4a7385dcd62e4ab28)
Driver in getDriver: EdgeDriver: MicrosoftEdge on windows (dcbb478543f4e5a4a7385dcd62e4ab28)
Driver in getDriver: EdgeDriver: MicrosoftEdge on windows (dcbb478543f4e5a4a7385dcd62e4ab28)
Driver in getDriver: EdgeDriver: MicrosoftEdge on windows (dcbb478543f4e5a4a7385dcd62e4ab28)
Driver in getDriver: EdgeDriver: MicrosoftEdge on windows (dcbb478543f4e5a4a7385dcd62e4ab28)
Driver in getDriver: EdgeDriver: MicrosoftEdge on windows (dcbb478543f4e5a4a7385dcd62e4ab28)
Driver in getDriver: EdgeDriver: MicrosoftEdge on windows (dcbb478543f4e5a4a7385dcd62e4ab28)
  Given The user accesses the main page                                                 # stepDefinition.IntegrationTestSteps.goTo()
  When The user clicks on the 'Bank Manager Login' button                               # stepDefinition.IntegrationTestSteps.clickBankManagerLoginButton()
  And The user clicks on the 'Add Customer' button                                      # stepDefinition.IntegrationTestSteps.clickAddCustomerButton()
  And The user writes 'first name' ""                                                   # stepDefinition.IntegrationTestSteps.writeFirstName(java.lang.String)
  And The user writes 'last name' "Craciun"                                             # stepDefinition.IntegrationTestSteps.writeLastName(java.lang.String)
  And The user writes 'post code' "E23564"                                              # stepDefinition.IntegrationTestSteps.writePostCode(java.lang.String)
  And The user clicks on submit add customer button                                     # stepDefinition.IntegrationTestSteps.clickSubmitAddCustomerButton()
Driver in getDriver: EdgeDriver: MicrosoftEdge on windows (dcbb478543f4e5a4a7385dcd62e4ab28)
  Then The user gets the alert banner in field First Name "Please fill out this field." # stepDefinition.AddCustomerSteps.getAlertFName(java.lang.String)
]]></system-out>
    <system-err><![CDATA[SLF4J(W): No SLF4J providers were found.
SLF4J(W): Defaulting to no-operation (NOP) logger implementation
SLF4J(W): See https://www.slf4j.org/codes.html#noProviders for further details.
May 22, 2025 4:38:40 PM org.openqa.selenium.devtools.CdpVersionFinder findNearestMatch
WARNING: Unable to find an exact match for CDP version 136, returning the closest version; found: 133; Please update to a Selenium version that supports CDP version 136
]]></system-err>
  </testcase>
  <testcase name="The user adds a new customer without filling Last Name field" classname="Add a new customer" time="7.17">
    <system-out><![CDATA[
@test2
Scenario Outline: The user adds a new customer without filling Last Name field         # src/test/resources/features/AddCustomer.feature:26
Driver in getDriver: EdgeDriver: MicrosoftEdge on windows (36016008008a037c6c148a8e2ed8b567)
Driver in getDriver: EdgeDriver: MicrosoftEdge on windows (36016008008a037c6c148a8e2ed8b567)
Driver in getDriver: EdgeDriver: MicrosoftEdge on windows (36016008008a037c6c148a8e2ed8b567)
Driver in getDriver: EdgeDriver: MicrosoftEdge on windows (36016008008a037c6c148a8e2ed8b567)
Driver in getDriver: EdgeDriver: MicrosoftEdge on windows (36016008008a037c6c148a8e2ed8b567)
Driver in getDriver: EdgeDriver: MicrosoftEdge on windows (36016008008a037c6c148a8e2ed8b567)
Driver in getDriver: EdgeDriver: MicrosoftEdge on windows (36016008008a037c6c148a8e2ed8b567)
Driver in getDriver: EdgeDriver: MicrosoftEdge on windows (36016008008a037c6c148a8e2ed8b567)
Driver in getDriver: EdgeDriver: MicrosoftEdge on windows (36016008008a037c6c148a8e2ed8b567)
  Given The user accesses the main page                                                # stepDefinition.IntegrationTestSteps.goTo()
  When The user clicks on the 'Bank Manager Login' button                              # stepDefinition.IntegrationTestSteps.clickBankManagerLoginButton()
  And The user clicks on the 'Add Customer' button                                     # stepDefinition.IntegrationTestSteps.clickAddCustomerButton()
  And The user writes 'first name' "Cosmin"                                            # stepDefinition.IntegrationTestSteps.writeFirstName(java.lang.String)
  And The user writes 'last name' ""                                                   # stepDefinition.IntegrationTestSteps.writeLastName(java.lang.String)
  And The user writes 'post code' "E23564"                                             # stepDefinition.IntegrationTestSteps.writePostCode(java.lang.String)
  And The user clicks on submit add customer button                                    # stepDefinition.IntegrationTestSteps.clickSubmitAddCustomerButton()
Driver in getDriver: EdgeDriver: MicrosoftEdge on windows (36016008008a037c6c148a8e2ed8b567)
  Then The user gets the alert banner in field Last Name "Please fill out this field." # stepDefinition.AddCustomerSteps.getAlertLName(java.lang.String)
]]></system-out>
    <system-err><![CDATA[May 22, 2025 4:38:48 PM org.openqa.selenium.devtools.CdpVersionFinder findNearestMatch
WARNING: Unable to find an exact match for CDP version 136, returning the closest version; found: 133; Please update to a Selenium version that supports CDP version 136
]]></system-err>
  </testcase>
</testsuite>